<?xml version="1.0" encoding="UTF-8"?>
<testng-results ignored="0" total="1" passed="1" failed="0" skipped="0">
  <reporter-output>
  </reporter-output>
  <suite started-at="2024-04-24T12:19:32 IST" name="Default suite" finished-at="2024-04-24T12:19:50 IST" duration-ms="17815">
    <groups>
    </groups>
    <test started-at="2024-04-24T12:19:32 IST" name="Default test" finished-at="2024-04-24T12:19:50 IST" duration-ms="17815">
      <class name="module3Assignment.PageObejectModel">
        <test-method is-config="true" signature="beforeTest()[pri:0, instance:module3Assignment.PageObejectModel@6283d8b8]" started-at="2024-04-24T12:19:32 IST" name="beforeTest" finished-at="2024-04-24T12:19:43 IST" duration-ms="10876" status="PASS">
          <reporter-output>
          </reporter-output>
        </test-method> <!-- beforeTest -->
        <test-method signature="f()[pri:0, instance:module3Assignment.PageObejectModel@6283d8b8]" started-at="2024-04-24T12:19:43 IST" name="f" finished-at="2024-04-24T12:19:49 IST" duration-ms="5890" status="PASS">
          <reporter-output>
          </reporter-output>
        </test-method> <!-- f -->
        <test-method is-config="true" signature="afterTest()[pri:0, instance:module3Assignment.PageObejectModel@6283d8b8]" started-at="2024-04-24T12:19:49 IST" name="afterTest" finished-at="2024-04-24T12:19:50 IST" duration-ms="1012" status="PASS">
          <reporter-output>
          </reporter-output>
        </test-method> <!-- afterTest -->
      </class> <!-- module3Assignment.PageObejectModel -->
    </test> <!-- Default test -->
  </suite> <!-- Default suite -->
</testng-results>
